###############################################################################
#
# IAR ANSI C/C++ Compiler V8.50.6.265/W32 for ARM         06/Dec/2020  17:26:29
# Copyright 1999-2020 IAR Systems AB.
#
#    Cpu mode             
#    Endian            =  little
#    Source file       =
#        C:\Users\tykr0\Desktop\termProject_controller\user\main.c
#    Command line      =
#        -f C:\Users\tykr0\AppData\Local\Temp\EWDD95.tmp
#        (C:\Users\tykr0\Desktop\termProject_controller\user\main.c -D
#        USE_STDPERIPH_DRIVER -D STM32F10X_CL -lC
#        C:\Users\tykr0\Desktop\termProject_controller\Debug\List -o
#        C:\Users\tykr0\Desktop\termProject_controller\Debug\Obj --no_cse
#        --no_unroll --no_inline --no_code_motion --no_tbaa --no_clustering
#        --no_scheduling --debug --endian=little --cpu=Cortex-M3 -e --fpu=None
#        --dlib_config "H:\Program Files\IAR Systems\Embedded Workbench
#        8.4\arm\inc\c\DLib_Config_Normal.h" -I
#        C:\Users\tykr0\Desktop\termProject_controller\libraries\CMSIS\DeviceSupport\\
#        -I
#        C:\Users\tykr0\Desktop\termProject_controller\libraries\CMSIS\DeviceSupport\Startup\\
#        -I
#        C:\Users\tykr0\Desktop\termProject_controller\libraries\STM32F10x_StdPeriph_Driver_v3.5\inc\\
#        -I
#        C:\Users\tykr0\Desktop\termProject_controller\libraries\STM32F10x_StdPeriph_Driver_v3.5\src\\
#        -I C:\Users\tykr0\Desktop\termProject_controller\libraries\LCD\\ -I
#        C:\Users\tykr0\Desktop\termProject_controller\user\\ -I
#        C:\Users\tykr0\Desktop\termProject_controller\user\inc\\ -Ol -I
#        "H:\Program Files\IAR Systems\Embedded Workbench
#        8.4\arm\CMSIS\Core\Include\\" -I "H:\Program Files\IAR
#        Systems\Embedded Workbench 8.4\arm\CMSIS\DSP\Include\\")
#    Locale            =  C
#    List file         =
#        C:\Users\tykr0\Desktop\termProject_controller\Debug\List\main.lst
#    Object file       =
#        C:\Users\tykr0\Desktop\termProject_controller\Debug\Obj\main.o
#    Runtime model:       
#      __SystemLibrary =  DLib
#      __dlib_version  =  6
#      __size_limit    =  32768|ARM.EW.LINKER
#
###############################################################################

C:\Users\tykr0\Desktop\termProject_controller\user\main.c
      1          #include "stm32f10x.h"
      2          #include "core_cm3.h"
      3          #include "misc.h"
      4          #include "stm32f10x_gpio.h"
      5          #include "stm32f10x_rcc.h"
      6          #include "stm32f10x_usart.h"
      7          #include "stm32f10x_adc.h"
      8          #include "lcd.h"
      9          #include "touch.h"
     10          

   \                                 In section .bss, align 2
     11          uint16_t value;
   \                     value:
   \        0x0                      DS8 2

   \                                 In section .data, align 4
     12          int color[12] = {WHITE, CYAN, BLUE, RED, MAGENTA, LGRAY, GREEN, YELLOW, BROWN, BRRED, GRAY};
   \                     color:
   \        0x0   0x0000'FFFF        DC32 65'535, 32'767, 31, 63'488, 63'519, 50'712, 2'016, 65'504, 48'192

   \              0x0000'7FFF  

   \              0x0000'001F  

   \              0x0000'F800  

   \              0x0000'F81F  

   \              0x0000'C618  

   \              0x0000'07E0  

   \              0x0000'FFE0  

   \              0x0000'BC40
   \       0x24   0x0000'FC07        DC32 64'519, 33'840, 0

   \              0x0000'8430  

   \              0x0000'0000
     13          
     14          /* function prototype */
     15          void RCC_Configure(void);
     16          void GPIO_Configure(void);
     17          void ADC_Configure(void);
     18          void NVIC_Configure(void);
     19          
     20          //---------------------------------------------------------------------------------------------------
     21          

   \                                 In section .text, align 2, keep-with-next
     22          void RCC_Configure(void)
     23          {
   \                     RCC_Configure: (+1)
   \        0x0   0xB580             PUSH     {R7,LR}
     24              // TODO: Enable the APB2 peripheral clock using the function 'RCC_APB2PeriphClockCmd'
     25              RCC_APB2PeriphClockCmd(RCC_APB2Periph_GPIOA,ENABLE);
   \        0x2   0x2101             MOVS     R1,#+1
   \        0x4   0x2004             MOVS     R0,#+4
   \        0x6   0x....'....        BL       RCC_APB2PeriphClockCmd
     26              RCC_APB2PeriphClockCmd(RCC_APB2Periph_GPIOC,ENABLE);
   \        0xA   0x2101             MOVS     R1,#+1
   \        0xC   0x2010             MOVS     R0,#+16
   \        0xE   0x....'....        BL       RCC_APB2PeriphClockCmd
     27              RCC_APB2PeriphClockCmd(RCC_APB2Periph_GPIOD,ENABLE);
   \       0x12   0x2101             MOVS     R1,#+1
   \       0x14   0x2020             MOVS     R0,#+32
   \       0x16   0x....'....        BL       RCC_APB2PeriphClockCmd
     28              RCC_APB2PeriphClockCmd(RCC_APB2Periph_GPIOE,ENABLE);    
   \       0x1A   0x2101             MOVS     R1,#+1
   \       0x1C   0x2040             MOVS     R0,#+64
   \       0x1E   0x....'....        BL       RCC_APB2PeriphClockCmd
     29              RCC_APB2PeriphClockCmd(RCC_APB2Periph_ADC1,ENABLE); 
   \       0x22   0x2101             MOVS     R1,#+1
   \       0x24   0xF44F 0x7000      MOV      R0,#+512
   \       0x28   0x....'....        BL       RCC_APB2PeriphClockCmd
     30          }
   \       0x2C   0xBD01             POP      {R0,PC}          ;; return
     31          

   \                                 In section .text, align 2, keep-with-next
     32          void GPIO_Configure(void)
     33          {
   \                     GPIO_Configure: (+1)
   \        0x0   0xB580             PUSH     {R7,LR}
     34              GPIO_InitTypeDef GPIO_InitStructure;
     35          
     36              // TODO: Initialize the GPIO pins using the structure 'GPIO_InitTypeDef' and the function 'GPIO_Init'
     37                  
     38              // LCD_CS
     39              GPIO_InitStructure.GPIO_Pin = GPIO_Pin_6;
   \        0x2   0x2040             MOVS     R0,#+64
   \        0x4   0xF8AD 0x0000      STRH     R0,[SP, #+0]
     40              GPIO_InitStructure.GPIO_Speed = GPIO_Speed_50MHz;
   \        0x8   0x2003             MOVS     R0,#+3
   \        0xA   0xF88D 0x0002      STRB     R0,[SP, #+2]
     41              GPIO_InitStructure.GPIO_Mode = GPIO_Mode_Out_PP;
   \        0xE   0x2010             MOVS     R0,#+16
   \       0x10   0xF88D 0x0003      STRB     R0,[SP, #+3]
     42              GPIO_Init(GPIOC, &GPIO_InitStructure);
   \       0x14   0x4669             MOV      R1,SP
   \       0x16   0x....             LDR.N    R0,??DataTable5  ;; 0x40011000
   \       0x18   0x....'....        BL       GPIO_Init
     43              
     44              // LCD_RS, LCD_WR, LCD_RD, 
     45              GPIO_InitStructure.GPIO_Pin = GPIO_Pin_13 | GPIO_Pin_14 | GPIO_Pin_15;
   \       0x1C   0xF44F 0x4060      MOV      R0,#+57344
   \       0x20   0xF8AD 0x0000      STRH     R0,[SP, #+0]
     46              GPIO_InitStructure.GPIO_Speed = GPIO_Speed_50MHz;
   \       0x24   0x2003             MOVS     R0,#+3
   \       0x26   0xF88D 0x0002      STRB     R0,[SP, #+2]
     47              GPIO_InitStructure.GPIO_Mode = GPIO_Mode_Out_PP;
   \       0x2A   0x2010             MOVS     R0,#+16
   \       0x2C   0xF88D 0x0003      STRB     R0,[SP, #+3]
     48              GPIO_Init(GPIOD, &GPIO_InitStructure);
   \       0x30   0x4669             MOV      R1,SP
   \       0x32   0x....             LDR.N    R0,??DataTable5_1  ;; 0x40011400
   \       0x34   0x....'....        BL       GPIO_Init
     49              
     50              // DB00 ~ DB15
     51              GPIO_InitStructure.GPIO_Pin = GPIO_Pin_All;
   \       0x38   0xF64F 0x70FF      MOVW     R0,#+65535
   \       0x3C   0xF8AD 0x0000      STRH     R0,[SP, #+0]
     52              GPIO_InitStructure.GPIO_Speed = GPIO_Speed_50MHz;
   \       0x40   0x2003             MOVS     R0,#+3
   \       0x42   0xF88D 0x0002      STRB     R0,[SP, #+2]
     53              GPIO_InitStructure.GPIO_Mode = GPIO_Mode_Out_PP;
   \       0x46   0x2010             MOVS     R0,#+16
   \       0x48   0xF88D 0x0003      STRB     R0,[SP, #+3]
     54              GPIO_Init(GPIOE, &GPIO_InitStructure);
   \       0x4C   0x4669             MOV      R1,SP
   \       0x4E   0x....             LDR.N    R0,??DataTable5_2  ;; 0x40011800
   \       0x50   0x....'....        BL       GPIO_Init
     55              
     56              // ADC12_IN0
     57              GPIO_InitStructure.GPIO_Pin = GPIO_Pin_0;
   \       0x54   0x2001             MOVS     R0,#+1
   \       0x56   0xF8AD 0x0000      STRH     R0,[SP, #+0]
     58              GPIO_InitStructure.GPIO_Speed = GPIO_Speed_50MHz;
   \       0x5A   0x2003             MOVS     R0,#+3
   \       0x5C   0xF88D 0x0002      STRB     R0,[SP, #+2]
     59              GPIO_InitStructure.GPIO_Mode = GPIO_Mode_AIN;
   \       0x60   0x2000             MOVS     R0,#+0
   \       0x62   0xF88D 0x0003      STRB     R0,[SP, #+3]
     60              GPIO_Init(GPIOA, &GPIO_InitStructure);
   \       0x66   0x4669             MOV      R1,SP
   \       0x68   0x....             LDR.N    R0,??DataTable5_3  ;; 0x40010800
   \       0x6A   0x....'....        BL       GPIO_Init
     61          }
   \       0x6E   0xBD01             POP      {R0,PC}          ;; return
     62          

   \                                 In section .text, align 2, keep-with-next
     63          void NVIC_Configure(void) {
   \                     NVIC_Configure: (+1)
   \        0x0   0xB580             PUSH     {R7,LR}
     64          
     65              NVIC_InitTypeDef NVIC_InitStructure;
     66              
     67              // TODO: fill the arg you want
     68              NVIC_PriorityGroupConfig(NVIC_PriorityGroup_2);
   \        0x2   0xF44F 0x60A0      MOV      R0,#+1280
   \        0x6   0x....'....        BL       NVIC_PriorityGroupConfig
     69          
     70              // TODO: Initialize the NVIC using the structure 'NVIC_InitTypeDef' and the function 'NVIC_Init'
     71              
     72              // ADC1
     73              // 'NVIC_EnableIRQ' is only required for USART setting
     74              // NVIC_EnableIRQ(ADC1_2_IRQn);
     75              NVIC_InitStructure.NVIC_IRQChannel = ADC1_2_IRQn;
   \        0xA   0x2012             MOVS     R0,#+18
   \        0xC   0xF88D 0x0000      STRB     R0,[SP, #+0]
     76              NVIC_InitStructure.NVIC_IRQChannelPreemptionPriority = 1;
   \       0x10   0x2001             MOVS     R0,#+1
   \       0x12   0xF88D 0x0001      STRB     R0,[SP, #+1]
     77              NVIC_InitStructure.NVIC_IRQChannelSubPriority = 1;
   \       0x16   0x2001             MOVS     R0,#+1
   \       0x18   0xF88D 0x0002      STRB     R0,[SP, #+2]
     78              NVIC_InitStructure.NVIC_IRQChannelCmd = ENABLE;
   \       0x1C   0x2001             MOVS     R0,#+1
   \       0x1E   0xF88D 0x0003      STRB     R0,[SP, #+3]
     79              NVIC_Init(&NVIC_InitStructure);
   \       0x22   0x4668             MOV      R0,SP
   \       0x24   0x....'....        BL       NVIC_Init
     80          }
   \       0x28   0xBD01             POP      {R0,PC}          ;; return
     81          

   \                                 In section .text, align 2, keep-with-next
     82          void ADC_Configure(void) {
   \                     ADC_Configure: (+1)
   \        0x0   0xB518             PUSH     {R3,R4,LR}
   \        0x2   0xB085             SUB      SP,SP,#+20
     83              ADC_InitTypeDef ADC_InitStructure;
     84              
     85              ADC_InitStructure.ADC_Mode = ADC_Mode_Independent;
   \        0x4   0x2000             MOVS     R0,#+0
   \        0x6   0x9000             STR      R0,[SP, #+0]
     86              ADC_InitStructure.ADC_ScanConvMode = DISABLE;
   \        0x8   0x2000             MOVS     R0,#+0
   \        0xA   0xF88D 0x0004      STRB     R0,[SP, #+4]
     87              ADC_InitStructure.ADC_ContinuousConvMode = ENABLE;
   \        0xE   0x2001             MOVS     R0,#+1
   \       0x10   0xF88D 0x0005      STRB     R0,[SP, #+5]
     88              ADC_InitStructure.ADC_ExternalTrigConv = ADC_ExternalTrigConv_None;
   \       0x14   0xF45F 0x2060      MOVS     R0,#+917504
   \       0x18   0x9002             STR      R0,[SP, #+8]
     89              ADC_InitStructure.ADC_DataAlign = ADC_DataAlign_Right;
   \       0x1A   0x2000             MOVS     R0,#+0
   \       0x1C   0x9003             STR      R0,[SP, #+12]
     90              ADC_InitStructure.ADC_NbrOfChannel = 1;
   \       0x1E   0x2001             MOVS     R0,#+1
   \       0x20   0xF88D 0x0010      STRB     R0,[SP, #+16]
     91              ADC_Init(ADC1, &ADC_InitStructure);
   \       0x24   0x....             LDR.N    R4,??DataTable5_4  ;; 0x40012400
   \       0x26   0x4669             MOV      R1,SP
   \       0x28   0x0020             MOVS     R0,R4
   \       0x2A   0x....'....        BL       ADC_Init
     92              
     93              ADC_RegularChannelConfig(ADC1, ADC_Channel_0, 1, ADC_SampleTime_71Cycles5);
   \       0x2E   0x2306             MOVS     R3,#+6
   \       0x30   0x2201             MOVS     R2,#+1
   \       0x32   0x2100             MOVS     R1,#+0
   \       0x34   0x0020             MOVS     R0,R4
   \       0x36   0x....'....        BL       ADC_RegularChannelConfig
     94              ADC_ITConfig(ADC1, ADC_IT_EOC, ENABLE);
   \       0x3A   0x2201             MOVS     R2,#+1
   \       0x3C   0xF44F 0x7108      MOV      R1,#+544
   \       0x40   0x0020             MOVS     R0,R4
   \       0x42   0x....'....        BL       ADC_ITConfig
     95              ADC_Cmd(ADC1, ENABLE);
   \       0x46   0x2101             MOVS     R1,#+1
   \       0x48   0x0020             MOVS     R0,R4
   \       0x4A   0x....'....        BL       ADC_Cmd
     96              
     97              ADC_ResetCalibration(ADC1);
   \       0x4E   0x0020             MOVS     R0,R4
   \       0x50   0x....'....        BL       ADC_ResetCalibration
     98              while(ADC_GetResetCalibrationStatus(ADC1)) ; //->while 사용하여 체크
   \                     ??ADC_Configure_0: (+1)
   \       0x54   0x0020             MOVS     R0,R4
   \       0x56   0x....'....        BL       ADC_GetResetCalibrationStatus
   \       0x5A   0x2800             CMP      R0,#+0
   \       0x5C   0xD1FA             BNE.N    ??ADC_Configure_0
     99              
    100              ADC_StartCalibration(ADC1);
   \       0x5E   0x0020             MOVS     R0,R4
   \       0x60   0x....'....        BL       ADC_StartCalibration
    101              while(ADC_GetCalibrationStatus(ADC1)) ; //->while 사용하여 체크
   \                     ??ADC_Configure_1: (+1)
   \       0x64   0x0020             MOVS     R0,R4
   \       0x66   0x....'....        BL       ADC_GetCalibrationStatus
   \       0x6A   0x2800             CMP      R0,#+0
   \       0x6C   0xD1FA             BNE.N    ??ADC_Configure_1
    102              
    103              ADC_SoftwareStartConvCmd(ADC1, ENABLE);
   \       0x6E   0x2101             MOVS     R1,#+1
   \       0x70   0x0020             MOVS     R0,R4
   \       0x72   0x....'....        BL       ADC_SoftwareStartConvCmd
    104          }
   \       0x76   0xB006             ADD      SP,SP,#+24
   \       0x78   0xBD10             POP      {R4,PC}          ;; return
    105          

   \                                 In section .text, align 2, keep-with-next
    106          void ADC1_2_IRQHandler(void){
   \                     ADC1_2_IRQHandler: (+1)
   \        0x0   0xB510             PUSH     {R4,LR}
    107            //ADC_GetITStatus->체크
    108            //value = ADC_GetConversionValue(ADC1);
    109            //ADC_ClearITPendingBit
    110            if (ADC_GetITStatus(ADC1, ADC_IT_EOC) != RESET) {
   \        0x2   0x....             LDR.N    R4,??DataTable5_4  ;; 0x40012400
   \        0x4   0xF44F 0x7108      MOV      R1,#+544
   \        0x8   0x0020             MOVS     R0,R4
   \        0xA   0x....'....        BL       ADC_GetITStatus
   \        0xE   0x2800             CMP      R0,#+0
   \       0x10   0xD009             BEQ.N    ??ADC1_2_IRQHandler_0
    111                  value = ADC_GetConversionValue(ADC1);
   \       0x12   0x0020             MOVS     R0,R4
   \       0x14   0x....'....        BL       ADC_GetConversionValue
   \       0x18   0x....             LDR.N    R1,??DataTable5_5
   \       0x1A   0x8008             STRH     R0,[R1, #+0]
    112          
    113                  ADC_ClearITPendingBit(ADC1, ADC_IT_EOC);
   \       0x1C   0xF44F 0x7108      MOV      R1,#+544
   \       0x20   0x0020             MOVS     R0,R4
   \       0x22   0x....'....        BL       ADC_ClearITPendingBit
    114            }
    115          }
   \                     ??ADC1_2_IRQHandler_0: (+1)
   \       0x26   0xBD10             POP      {R4,PC}          ;; return
    116          

   \                                 In section .text, align 2, keep-with-next
    117          void delay(){
    118            for(int i=0; i<100000; i++);
   \                     delay: (+1)
   \        0x0   0x2000             MOVS     R0,#+0
   \        0x2   0xE000             B.N      ??delay_0
   \                     ??delay_1: (+1)
   \        0x4   0x1C40             ADDS     R0,R0,#+1
   \                     ??delay_0: (+1)
   \        0x6   0x....             LDR.N    R1,??DataTable5_6  ;; 0x186a0
   \        0x8   0x4288             CMP      R0,R1
   \        0xA   0xDBFB             BLT.N    ??delay_1
    119          }
   \        0xC   0x4770             BX       LR               ;; return
    120          

   \                                 In section .data, align 4
    121          char team[] = "MON_Team07";
   \                     team:
   \        0x0   0x4D 0x4F          DC8 "MON_Team07"

   \              0x4E 0x5F    

   \              0x54 0x65    

   \              0x61 0x6D    

   \              0x30 0x37    

   \              0x00
   \        0xB                      DS8 1

   \                                 In section .bss, align 2
    122          u16 PosX;
   \                     PosX:
   \        0x0                      DS8 2

   \                                 In section .bss, align 2
    123          u16 PosY;
   \                     PosY:
   \        0x0                      DS8 2

   \                                 In section .text, align 2, keep-with-next
    124          int main(void)
    125          {
   \                     main: (+1)
   \        0x0   0xB57F             PUSH     {R0-R6,LR}
    126              SystemInit();
   \        0x2   0x....'....        BL       SystemInit
    127              RCC_Configure();
   \        0x6   0x....'....        BL       RCC_Configure
    128              GPIO_Configure();
   \        0xA   0x....'....        BL       GPIO_Configure
    129              ADC_Configure();
   \        0xE   0x....'....        BL       ADC_Configure
    130              NVIC_Configure();
   \       0x12   0x....'....        BL       NVIC_Configure
    131              
    132              LCD_Init();
   \       0x16   0x....'....        BL       LCD_Init
    133              Touch_Configuration();
   \       0x1A   0x....'....        BL       Touch_Configuration
    134              Touch_Adjust();
   \       0x1E   0x....'....        BL       Touch_Adjust
    135              LCD_Clear(WHITE);
   \       0x22   0xF64F 0x74FF      MOVW     R4,#+65535
   \       0x26   0x0020             MOVS     R0,R4
   \       0x28   0x....'....        BL       LCD_Clear
    136              
    137              uint16_t x, y;
    138              while (1) {
    139                  // TODO: implement
    140                  LCD_ShowString(10, 10, team, BLACK, WHITE);
                                                ^
Warning[Pe167]: argument of type "char *" is incompatible with parameter of
          type "u8 *"
   \                     ??main_0: (+1)
   \       0x2C   0x0020             MOVS     R0,R4
   \       0x2E   0x9000             STR      R0,[SP, #+0]
   \       0x30   0x2300             MOVS     R3,#+0
   \       0x32   0x....             LDR.N    R2,??DataTable5_7
   \       0x34   0x210A             MOVS     R1,#+10
   \       0x36   0x200A             MOVS     R0,#+10
   \       0x38   0x....'....        BL       LCD_ShowString
    141                  //LCD_DrawCircle(20,20,5);
    142                  //delay();
    143                  Touch_GetXY(&x, &y, 1);
   \       0x3C   0x2201             MOVS     R2,#+1
   \       0x3E   0xA902             ADD      R1,SP,#+8
   \       0x40   0xF10D 0x000A      ADD      R0,SP,#+10
   \       0x44   0x....'....        BL       Touch_GetXY
    144                  Convert_Pos(x, y, &PosX, &PosY);
   \       0x48   0x....             LDR.N    R5,??DataTable5_8
   \       0x4A   0x....             LDR.N    R6,??DataTable5_9
   \       0x4C   0x0033             MOVS     R3,R6
   \       0x4E   0x002A             MOVS     R2,R5
   \       0x50   0xF8BD 0x1008      LDRH     R1,[SP, #+8]
   \       0x54   0xF8BD 0x000A      LDRH     R0,[SP, #+10]
   \       0x58   0x....'....        BL       Convert_Pos
    145                  LCD_ShowNum(10, 50, PosX, 3, BLACK, WHITE);
   \       0x5C   0x0020             MOVS     R0,R4
   \       0x5E   0x9001             STR      R0,[SP, #+4]
   \       0x60   0x2000             MOVS     R0,#+0
   \       0x62   0x9000             STR      R0,[SP, #+0]
   \       0x64   0x2303             MOVS     R3,#+3
   \       0x66   0x882A             LDRH     R2,[R5, #+0]
   \       0x68   0x2132             MOVS     R1,#+50
   \       0x6A   0x200A             MOVS     R0,#+10
   \       0x6C   0x....'....        BL       LCD_ShowNum
    146                  LCD_ShowNum(10, 100, PosY, 3, BLACK, WHITE);
   \       0x70   0x0020             MOVS     R0,R4
   \       0x72   0x9001             STR      R0,[SP, #+4]
   \       0x74   0x2000             MOVS     R0,#+0
   \       0x76   0x9000             STR      R0,[SP, #+0]
   \       0x78   0x2303             MOVS     R3,#+3
   \       0x7A   0x8832             LDRH     R2,[R6, #+0]
   \       0x7C   0x2164             MOVS     R1,#+100
   \       0x7E   0x200A             MOVS     R0,#+10
   \       0x80   0x....'....        BL       LCD_ShowNum
    147                  LCD_ShowNum(10, 150, value, 4, BLACK, WHITE);
   \       0x84   0x0020             MOVS     R0,R4
   \       0x86   0x9001             STR      R0,[SP, #+4]
   \       0x88   0x2000             MOVS     R0,#+0
   \       0x8A   0x9000             STR      R0,[SP, #+0]
   \       0x8C   0x2304             MOVS     R3,#+4
   \       0x8E   0x....             LDR.N    R0,??DataTable5_5
   \       0x90   0x8802             LDRH     R2,[R0, #+0]
   \       0x92   0x2196             MOVS     R1,#+150
   \       0x94   0x200A             MOVS     R0,#+10
   \       0x96   0x....'....        BL       LCD_ShowNum
    148                  
    149                  LCD_DrawCircle(PosX, PosY, 5);
   \       0x9A   0x2205             MOVS     R2,#+5
   \       0x9C   0x8831             LDRH     R1,[R6, #+0]
   \       0x9E   0x8828             LDRH     R0,[R5, #+0]
   \       0xA0   0x....'....        BL       LCD_DrawCircle
   \       0xA4   0xE7C2             B.N      ??main_0
    150              }
    151              
    152              return 0;
                     ^
Warning[Pe111]: statement is unreachable
    153          }

   \                                 In section .text, align 4, keep-with-next
   \                     ??DataTable5:
   \        0x0   0x4001'1000        DC32     0x40011000

   \                                 In section .text, align 4, keep-with-next
   \                     ??DataTable5_1:
   \        0x0   0x4001'1400        DC32     0x40011400

   \                                 In section .text, align 4, keep-with-next
   \                     ??DataTable5_2:
   \        0x0   0x4001'1800        DC32     0x40011800

   \                                 In section .text, align 4, keep-with-next
   \                     ??DataTable5_3:
   \        0x0   0x4001'0800        DC32     0x40010800

   \                                 In section .text, align 4, keep-with-next
   \                     ??DataTable5_4:
   \        0x0   0x4001'2400        DC32     0x40012400

   \                                 In section .text, align 4, keep-with-next
   \                     ??DataTable5_5:
   \        0x0   0x....'....        DC32     value

   \                                 In section .text, align 4, keep-with-next
   \                     ??DataTable5_6:
   \        0x0   0x0001'86A0        DC32     0x186a0

   \                                 In section .text, align 4, keep-with-next
   \                     ??DataTable5_7:
   \        0x0   0x....'....        DC32     team

   \                                 In section .text, align 4, keep-with-next
   \                     ??DataTable5_8:
   \        0x0   0x....'....        DC32     PosX

   \                                 In section .text, align 4, keep-with-next
   \                     ??DataTable5_9:
   \        0x0   0x....'....        DC32     PosY

   Maximum stack usage in bytes:

   .cstack Function
   ------- --------
       8   ADC1_2_IRQHandler
         8   -> ADC_ClearITPendingBit
         8   -> ADC_GetConversionValue
         8   -> ADC_GetITStatus
      32   ADC_Configure
        32   -> ADC_Cmd
        32   -> ADC_GetCalibrationStatus
        32   -> ADC_GetResetCalibrationStatus
        32   -> ADC_ITConfig
        32   -> ADC_Init
        32   -> ADC_RegularChannelConfig
        32   -> ADC_ResetCalibration
        32   -> ADC_SoftwareStartConvCmd
        32   -> ADC_StartCalibration
       8   GPIO_Configure
         8   -> GPIO_Init
       8   NVIC_Configure
         8   -> NVIC_Init
         8   -> NVIC_PriorityGroupConfig
       8   RCC_Configure
         8   -> RCC_APB2PeriphClockCmd
       0   delay
      32   main
        32   -> ADC_Configure
        32   -> Convert_Pos
        32   -> GPIO_Configure
        32   -> LCD_Clear
        32   -> LCD_DrawCircle
        32   -> LCD_Init
        32   -> LCD_ShowNum
        32   -> LCD_ShowString
        32   -> NVIC_Configure
        32   -> RCC_Configure
        32   -> SystemInit
        32   -> Touch_Adjust
        32   -> Touch_Configuration
        32   -> Touch_GetXY


   Section sizes:

   Bytes  Function/Label
   -----  --------------
       4  ??DataTable5
       4  ??DataTable5_1
       4  ??DataTable5_2
       4  ??DataTable5_3
       4  ??DataTable5_4
       4  ??DataTable5_5
       4  ??DataTable5_6
       4  ??DataTable5_7
       4  ??DataTable5_8
       4  ??DataTable5_9
      40  ADC1_2_IRQHandler
     122  ADC_Configure
     112  GPIO_Configure
      42  NVIC_Configure
       2  PosX
       2  PosY
      46  RCC_Configure
      48  color
      14  delay
     166  main
      12  team
       2  value

 
   6 bytes in section .bss
  60 bytes in section .data
 582 bytes in section .text
 
 582 bytes of CODE memory
  66 bytes of DATA memory

Errors: none
Warnings: 2
